<?xml version="1.0" encoding="UTF-8"?>
<coverage generated="1596132250763" clover="3.2.0">
  <project timestamp="1596132250764" name="All files">
    <metrics statements="26" coveredstatements="26" conditionals="8" coveredconditionals="8" methods="2" coveredmethods="2" elements="36" coveredelements="36" complexity="0" loc="26" ncloc="26" packages="1" files="1" classes="1"/>
    <file name="validator.js" path="/Users/garymontenegrosueldo/Documents/Laboratoria/Proyectos Github/LIM013-card-validation/src/validator.js">
      <metrics statements="26" coveredstatements="26" conditionals="8" coveredconditionals="8" methods="2" coveredmethods="2"/>
      <line num="1" count="1" type="stmt"/>
      <line num="4" count="3" type="stmt"/>
      <line num="5" count="3" type="stmt"/>
      <line num="6" count="3" type="stmt"/>
      <line num="7" count="3" type="stmt"/>
      <line num="8" count="3" type="stmt"/>
      <line num="9" count="3" type="stmt"/>
      <line num="10" count="24" type="stmt"/>
      <line num="11" count="24" type="cond" truecount="2" falsecount="0"/>
      <line num="12" count="10" type="stmt"/>
      <line num="13" count="10" type="stmt"/>
      <line num="16" count="24" type="stmt"/>
      <line num="18" count="3" type="stmt"/>
      <line num="19" count="24" type="stmt"/>
      <line num="22" count="3" type="cond" truecount="2" falsecount="0"/>
      <line num="23" count="2" type="stmt"/>
      <line num="25" count="1" type="stmt"/>
      <line num="30" count="3" type="stmt"/>
      <line num="31" count="3" type="stmt"/>
      <line num="32" count="3" type="cond" truecount="2" falsecount="0"/>
      <line num="33" count="2" type="stmt"/>
      <line num="34" count="26" type="cond" truecount="2" falsecount="0"/>
      <line num="35" count="8" type="stmt"/>
      <line num="38" count="18" type="stmt"/>
      <line num="43" count="1" type="stmt"/>
      <line num="45" count="3" type="stmt"/>
    </file>
  </project>
</coverage>
