{"/Users/garymontenegrosueldo/Documents/Laboratoria/Proyectos Github/LIM013-card-validation/src/validator.js": {"path":"/Users/garymontenegrosueldo/Documents/Laboratoria/Proyectos Github/LIM013-card-validation/src/validator.js","statementMap":{"0":{"start":{"line":1,"column":18},"end":{"line":48,"column":1}},"1":{"start":{"line":4,"column":19},"end":{"line":4,"column":46}},"2":{"start":{"line":5,"column":21},"end":{"line":5,"column":34}},"3":{"start":{"line":6,"column":16},"end":{"line":6,"column":20}},"4":{"start":{"line":7,"column":20},"end":{"line":7,"column":24}},"5":{"start":{"line":8,"column":15},"end":{"line":8,"column":16}},"6":{"start":{"line":9,"column":4},"end":{"line":17,"column":5}},"7":{"start":{"line":9,"column":17},"end":{"line":9,"column":18}},"8":{"start":{"line":10,"column":6},"end":{"line":10,"column":45}},"9":{"start":{"line":11,"column":6},"end":{"line":15,"column":7}},"10":{"start":{"line":12,"column":8},"end":{"line":12,"column":37}},"11":{"start":{"line":13,"column":8},"end":{"line":14,"column":40}},"12":{"start":{"line":16,"column":6},"end":{"line":16,"column":20}},"13":{"start":{"line":18,"column":4},"end":{"line":20,"column":5}},"14":{"start":{"line":18,"column":17},"end":{"line":18,"column":18}},"15":{"start":{"line":19,"column":6},"end":{"line":19,"column":41}},"16":{"start":{"line":22,"column":4},"end":{"line":26,"column":5}},"17":{"start":{"line":23,"column":6},"end":{"line":23,"column":18}},"18":{"start":{"line":25,"column":6},"end":{"line":25,"column":18}},"19":{"start":{"line":30,"column":27},"end":{"line":30,"column":50}},"20":{"start":{"line":31,"column":17},"end":{"line":31,"column":19}},"21":{"start":{"line":32,"column":4},"end":{"line":44,"column":5}},"22":{"start":{"line":33,"column":6},"end":{"line":40,"column":7}},"23":{"start":{"line":33,"column":19},"end":{"line":33,"column":20}},"24":{"start":{"line":34,"column":8},"end":{"line":39,"column":9}},"25":{"start":{"line":35,"column":10},"end":{"line":35,"column":40}},"26":{"start":{"line":38,"column":10},"end":{"line":38,"column":24}},"27":{"start":{"line":43,"column":6},"end":{"line":43,"column":31}},"28":{"start":{"line":45,"column":4},"end":{"line":45,"column":18}}},"fnMap":{"0":{"name":"(anonymous_0)","decl":{"start":{"line":3,"column":11},"end":{"line":3,"column":12}},"loc":{"start":{"line":3,"column":39},"end":{"line":27,"column":3}},"line":3},"1":{"name":"(anonymous_1)","decl":{"start":{"line":29,"column":13},"end":{"line":29,"column":14}},"loc":{"start":{"line":29,"column":41},"end":{"line":46,"column":3}},"line":29}},"branchMap":{"0":{"loc":{"start":{"line":11,"column":6},"end":{"line":15,"column":7}},"type":"if","locations":[{"start":{"line":11,"column":6},"end":{"line":15,"column":7}},{"start":{"line":11,"column":6},"end":{"line":15,"column":7}}],"line":11},"1":{"loc":{"start":{"line":22,"column":4},"end":{"line":26,"column":5}},"type":"if","locations":[{"start":{"line":22,"column":4},"end":{"line":26,"column":5}},{"start":{"line":22,"column":4},"end":{"line":26,"column":5}}],"line":22},"2":{"loc":{"start":{"line":32,"column":4},"end":{"line":44,"column":5}},"type":"if","locations":[{"start":{"line":32,"column":4},"end":{"line":44,"column":5}},{"start":{"line":32,"column":4},"end":{"line":44,"column":5}}],"line":32},"3":{"loc":{"start":{"line":34,"column":8},"end":{"line":39,"column":9}},"type":"if","locations":[{"start":{"line":34,"column":8},"end":{"line":39,"column":9}},{"start":{"line":34,"column":8},"end":{"line":39,"column":9}}],"line":34}},"s":{"0":1,"1":3,"2":3,"3":3,"4":3,"5":3,"6":3,"7":3,"8":24,"9":24,"10":10,"11":10,"12":24,"13":3,"14":3,"15":24,"16":3,"17":2,"18":1,"19":3,"20":3,"21":3,"22":2,"23":2,"24":26,"25":8,"26":18,"27":1,"28":3},"f":{"0":3,"1":3},"b":{"0":[10,14],"1":[2,1],"2":[2,1],"3":[8,18]},"_coverageSchema":"43e27e138ebf9cfc5966b082cf9a028302ed4184","hash":"720bdd685e5f6128716212339bac529e49fae742"}
}
