TN:
SF:/Users/garymontenegrosueldo/Documents/Laboratoria/Proyectos Github/LIM013-card-validation/src/validator.js
FN:3,(anonymous_0)
FN:29,(anonymous_1)
FNF:2
FNH:2
FNDA:3,(anonymous_0)
FNDA:3,(anonymous_1)
DA:1,1
DA:4,3
DA:5,3
DA:6,3
DA:7,3
DA:8,3
DA:9,3
DA:10,24
DA:11,24
DA:12,10
DA:13,10
DA:16,24
DA:18,3
DA:19,24
DA:22,3
DA:23,2
DA:25,1
DA:30,3
DA:31,3
DA:32,3
DA:33,2
DA:34,26
DA:35,8
DA:38,18
DA:43,1
DA:45,3
LF:26
LH:26
BRDA:11,0,0,10
BRDA:11,0,1,14
BRDA:22,1,0,2
BRDA:22,1,1,1
BRDA:32,2,0,2
BRDA:32,2,1,1
BRDA:34,3,0,8
BRDA:34,3,1,18
BRF:8
BRH:8
end_of_record
